digraph Tree {
node [shape=box, style="filled, rounded", color="black", fontname=helvetica] ;
edge [fontname=helvetica] ;
0 [label=<X<SUB>0</SUB> &le; 2.5<br/>mse = 0.21<br/>samples = 1000<br/>value = 1.3>, fillcolor="#e581394d"] ;
1 [label=<X<SUB>1</SUB> &le; 22.5<br/>mse = 0.2466<br/>samples = 543<br/>value = 1.442>, fillcolor="#e5813971"] ;
0 -> 1 [labeldistance=2.5, labelangle=45, headlabel="True"] ;
2 [label=<X<SUB>2</SUB> &le; 1.5<br/>mse = 0.2264<br/>samples = 306<br/>value = 1.3464>, fillcolor="#e5813958"] ;
1 -> 2 ;
3 [label=<X<SUB>13</SUB> &le; 1.5<br/>mse = 0.1875<br/>samples = 28<br/>value = 1.75>, fillcolor="#e58139bf"] ;
2 -> 3 ;
4 [label="(...)", fillcolor="#C0C0C0"] ;
3 -> 4 ;
9 [label="(...)", fillcolor="#C0C0C0"] ;
3 -> 9 ;
14 [label=<X<SUB>3</SUB> &le; 87.5<br/>mse = 0.2123<br/>samples = 278<br/>value = 1.3058>, fillcolor="#e581394e"] ;
2 -> 14 ;
15 [label="(...)", fillcolor="#C0C0C0"] ;
14 -> 15 ;
138 [label="(...)", fillcolor="#C0C0C0"] ;
14 -> 138 ;
139 [label=<X<SUB>4</SUB> &le; 3.5<br/>mse = 0.2457<br/>samples = 237<br/>value = 1.5654>, fillcolor="#e5813990"] ;
1 -> 139 ;
140 [label=<X<SUB>1</SUB> &le; 47.5<br/>mse = 0.235<br/>samples = 196<br/>value = 1.6224>, fillcolor="#e581399f"] ;
139 -> 140 ;
141 [label="(...)", fillcolor="#C0C0C0"] ;
140 -> 141 ;
238 [label="(...)", fillcolor="#C0C0C0"] ;
140 -> 238 ;
249 [label=<X<SUB>0</SUB> &le; 1.5<br/>mse = 0.207<br/>samples = 41<br/>value = 1.2927>, fillcolor="#e581394b"] ;
139 -> 249 ;
250 [label="(...)", fillcolor="#C0C0C0"] ;
249 -> 250 ;
259 [label="(...)", fillcolor="#C0C0C0"] ;
249 -> 259 ;
266 [label=<X<SUB>10</SUB> &le; 2.5<br/>mse = 0.1141<br/>samples = 457<br/>value = 1.1313>, fillcolor="#e5813921"] ;
0 -> 266 [labeldistance=2.5, labelangle=-45, headlabel="False"] ;
267 [label=<X<SUB>9</SUB> &le; 44.5<br/>mse = 0.2057<br/>samples = 76<br/>value = 1.2895>, fillcolor="#e581394a"] ;
266 -> 267 ;
268 [label=<X<SUB>9</SUB> &le; 36.5<br/>mse = 0.2292<br/>samples = 59<br/>value = 1.3559>, fillcolor="#e581395b"] ;
267 -> 268 ;
269 [label="(...)", fillcolor="#C0C0C0"] ;
268 -> 269 ;
290 [label="(...)", fillcolor="#C0C0C0"] ;
268 -> 290 ;
299 [label=<X<SUB>8</SUB> &le; 1.5<br/>mse = 0.0554<br/>samples = 17<br/>value = 1.0588>, fillcolor="#e581390f"] ;
267 -> 299 ;
300 [label="(...)", fillcolor="#C0C0C0"] ;
299 -> 300 ;
301 [label="(...)", fillcolor="#C0C0C0"] ;
299 -> 301 ;
302 [label=<X<SUB>5</SUB> &le; 2.5<br/>mse = 0.0898<br/>samples = 381<br/>value = 1.0997>, fillcolor="#e5813919"] ;
266 -> 302 ;
303 [label=<X<SUB>3</SUB> &le; 67.0<br/>mse = 0.1671<br/>samples = 66<br/>value = 1.2121>, fillcolor="#e5813936"] ;
302 -> 303 ;
304 [label="(...)", fillcolor="#C0C0C0"] ;
303 -> 304 ;
323 [label="(...)", fillcolor="#C0C0C0"] ;
303 -> 323 ;
324 [label=<X<SUB>9</SUB> &le; 30.5<br/>mse = 0.0704<br/>samples = 315<br/>value = 1.0762>, fillcolor="#e5813913"] ;
302 -> 324 ;
325 [label="(...)", fillcolor="#C0C0C0"] ;
324 -> 325 ;
370 [label="(...)", fillcolor="#C0C0C0"] ;
324 -> 370 ;
}